[ 2025-06-13 08:56:08,746 ] 26 root - INFO - Extracting anime-dataset-2023.csv from Kaggle
[ 2025-06-13 08:56:08,747 ] 27 root - INFO - Shape of the dataframe: (24905, 24)
[ 2025-06-13 08:56:08,747 ] 28 root - INFO - Column names: Index(['anime_id', 'Name', 'English name', 'Other name', 'Score', 'Genres',
       'Synopsis', 'Type', 'Episodes', 'Aired', 'Premiered', 'Status',
       'Producers', 'Licensors', 'Studios', 'Source', 'Duration', 'Rating',
       'Rank', 'Popularity', 'Favorites', 'Scored By', 'Members', 'Image URL'],
      dtype='object')
[ 2025-06-13 08:56:08,754 ] 29 root - INFO - Preview of the DataFrame:
   anime_id                             Name             English name  ... Scored By  Members                                          Image URL
0         1                     Cowboy Bebop             Cowboy Bebop  ...  914193.0  1771505  https://cdn.myanimelist.net/images/anime/4/196...
1         5  Cowboy Bebop: Tengoku no Tobira  Cowboy Bebop: The Movie  ...  206248.0   360978  https://cdn.myanimelist.net/images/anime/1439/...
2         6                           Trigun                   Trigun  ...  356739.0   727252  https://cdn.myanimelist.net/images/anime/7/203...
3         7               Witch Hunter Robin       Witch Hunter Robin  ...   42829.0   111931  https://cdn.myanimelist.net/images/anime/10/19...
4         8                   Bouken Ou Beet   Beet the Vandel Buster  ...    6413.0    15001  https://cdn.myanimelist.net/images/anime/7/215...

[5 rows x 24 columns]
[ 2025-06-13 08:56:08,754 ] 30 root - INFO - Data fetched successfully from Kaggle.
[ 2025-06-13 08:56:16,429 ] 26 root - INFO - Extracting users-score-2023.csv from Kaggle
[ 2025-06-13 08:56:16,429 ] 27 root - INFO - Shape of the dataframe: (24325191, 5)
[ 2025-06-13 08:56:16,429 ] 28 root - INFO - Column names: Index(['user_id', 'Username', 'anime_id', 'Anime Title', 'rating'], dtype='object')
[ 2025-06-13 08:56:16,432 ] 29 root - INFO - Preview of the DataFrame:
   user_id Username  anime_id             Anime Title  rating
0        1    Xinil        21               One Piece       9
1        1    Xinil        48             .hack//Sign       7
2        1    Xinil       320                  A Kite       5
3        1    Xinil        49        Aa! Megami-sama!       8
4        1    Xinil       304  Aa! Megami-sama! Movie       8
[ 2025-06-13 08:56:16,432 ] 30 root - INFO - Data fetched successfully from Kaggle.
[ 2025-06-13 08:56:17,245 ] 26 root - INFO - Extracting users-details-2023.csv from Kaggle
[ 2025-06-13 08:56:17,245 ] 27 root - INFO - Shape of the dataframe: (731290, 16)
[ 2025-06-13 08:56:17,245 ] 28 root - INFO - Column names: Index(['Mal ID', 'Username', 'Gender', 'Birthday', 'Location', 'Joined',
       'Days Watched', 'Mean Score', 'Watching', 'Completed', 'On Hold',
       'Dropped', 'Plan to Watch', 'Total Entries', 'Rewatched',
       'Episodes Watched'],
      dtype='object')
[ 2025-06-13 08:56:17,250 ] 29 root - INFO - Preview of the DataFrame:
   Mal ID Username  Gender                   Birthday              Location  ... Dropped  Plan to Watch  Total Entries  Rewatched  Episodes Watched
0       1    Xinil    Male  1985-03-04T00:00:00+00:00            California  ...    93.0           64.0          399.0       60.0            8458.0
1       3  Aokaado    Male                        NaN          Oslo, Norway  ...    44.0           40.0          343.0       15.0            4072.0
2       4  Crystal  Female                        NaN  Melbourne, Australia  ...     0.0           45.0         1000.0       10.0           12781.0
3       9   Arcane     NaN                        NaN                   NaN  ...     3.0            0.0           66.0        0.0            1817.0
4      18      Mad     NaN                        NaN                   NaN  ...     5.0           23.0          153.0       42.0            3038.0

[5 rows x 16 columns]
[ 2025-06-13 08:56:17,250 ] 30 root - INFO - Data fetched successfully from Kaggle.
[ 2025-06-13 08:56:17,250 ] 42 root - INFO - Saving DataFrame to file: Artifacts/Data_ingestion/Anime_Desctiption.csv
[ 2025-06-13 08:56:17,448 ] 46 root - INFO - DataFrame saved successfully to Artifacts/Data_ingestion/Anime_Desctiption.csv.
[ 2025-06-13 08:56:17,448 ] 42 root - INFO - Saving DataFrame to file: Artifacts/Data_ingestion/Anime_Ratings.csv
[ 2025-06-13 08:56:38,144 ] 46 root - INFO - DataFrame saved successfully to Artifacts/Data_ingestion/Anime_Ratings.csv.
[ 2025-06-13 08:56:38,144 ] 42 root - INFO - Saving DataFrame to file: Artifacts/Data_ingestion/Anime_Users.csv
[ 2025-06-13 08:56:40,302 ] 46 root - INFO - DataFrame saved successfully to Artifacts/Data_ingestion/Anime_Users.csv.
