[ 2025-06-15 14:33:49,771 ] 52 root - INFO - Reading data from : anime-recommender-system-prasoon/Artifacts/Data_ingestion/06-14-2025_22-09-04/Anime_Desctiption.csv
[ 2025-06-15 14:33:49,779 ] 1352 botocore.credentials - INFO - Found credentials in shared credentials file: ~/.aws/credentials
[ 2025-06-15 14:33:50,538 ] 56 root - INFO - Data loaded successfully from S3!
[ 2025-06-15 14:33:50,539 ] 52 root - INFO - Reading data from : anime-recommender-system-prasoon/Artifacts/Data_ingestion/06-14-2025_22-09-04/Anime_Ratings.csv
[ 2025-06-15 14:34:26,760 ] 56 root - INFO - Data loaded successfully from S3!
[ 2025-06-15 14:34:26,761 ] 35 root - INFO - Cleaning ANIME dataset, initial shape of dataset: (24905, 24)
[ 2025-06-15 14:34:26,813 ] 62 root - INFO - Cleaning done! Shape of resultant dataset: (20370, 14)
[ 2025-06-15 14:34:26,813 ] 73 root - INFO - Saving DataFrame to file: ('anime-recommender-system-prasoon', 'Artifacts/Data_transformed/06-15-2025_14-33-49/Cleaned_Anime_Description.csv')
[ 2025-06-15 14:34:28,059 ] 79 root - INFO - DataFrame saved successfully to S3 at: anime-recommender-system-prasoon/Artifacts/Data_transformed/06-15-2025_14-33-49/Cleaned_Anime_Description.csv
[ 2025-06-15 14:34:28,060 ] 82 root - INFO - Started merging the datasets.
Shape of ANIME dataset: (20370, 14) 
Shape of RATINGS dataset: (24325191, 5)
[ 2025-06-15 14:34:39,572 ] 85 root - INFO - Merged successful! Shape of resultant dataframe: (24310872, 18)
[ 2025-06-15 14:34:39,573 ] 86 root - INFO - Columns of the resultant datafram: Index(['anime_id', 'Name', 'Score', 'Genres', 'Synopsis', 'Type', 'Episodes',
       'Rating', 'Popularity', 'Favorites', 'Scored By', 'Members',
       'Image URL', 'Duration_mins', 'user_id', 'Username', 'rating',
       '_merge'],
      dtype='object')
[ 2025-06-15 14:34:39,573 ] 73 root - INFO - Saving DataFrame to file: ('anime-recommender-system-prasoon', 'Artifacts/Data_transformed/06-15-2025_14-33-49/Anime_Full_House.csv')
[ 2025-06-15 14:53:38,447 ] 79 root - INFO - DataFrame saved successfully to S3 at: anime-recommender-system-prasoon/Artifacts/Data_transformed/06-15-2025_14-33-49/Anime_Full_House.csv
