[ 2025-06-16 20:05:59,975 ] 52 root - INFO - Reading data from : anime-recommender-system-prasoon/Artifacts/Data_ingestion/06-14-2025_22-09-04/Anime_Desctiption.csv
[ 2025-06-16 20:05:59,983 ] 1352 botocore.credentials - INFO - Found credentials in shared credentials file: ~/.aws/credentials
[ 2025-06-16 20:06:00,895 ] 56 root - INFO - Data loaded successfully from S3!
[ 2025-06-16 20:06:00,896 ] 52 root - INFO - Reading data from : anime-recommender-system-prasoon/Artifacts/Data_ingestion/06-14-2025_22-09-04/Anime_Ratings.csv
[ 2025-06-16 20:06:50,809 ] 56 root - INFO - Data loaded successfully from S3!
[ 2025-06-16 20:06:50,813 ] 35 root - INFO - Cleaning ANIME dataset, initial shape of dataset: (24905, 24)
[ 2025-06-16 20:06:50,868 ] 62 root - INFO - Cleaning done! Shape of resultant dataset: (20370, 14)
[ 2025-06-16 20:06:50,869 ] 73 root - INFO - Saving DataFrame to file: ('anime-recommender-system-prasoon', 'Artifacts/Data_Cleaning/06-16-2025_20-05-59/Cleaned_Anime_Description.csv')
[ 2025-06-16 20:06:52,173 ] 79 root - INFO - DataFrame saved successfully to S3 at: anime-recommender-system-prasoon/Artifacts/Data_Cleaning/06-16-2025_20-05-59/Cleaned_Anime_Description.csv
[ 2025-06-16 20:06:52,174 ] 82 root - INFO - Started merging the datasets.
Shape of ANIME dataset: (20370, 14) 
Shape of RATINGS dataset: (24325191, 5)
[ 2025-06-16 20:07:05,997 ] 85 root - INFO - Merged successful! Shape of resultant dataframe: (24310872, 18)
[ 2025-06-16 20:07:05,997 ] 86 root - INFO - Columns of the resultant datafram: Index(['anime_id', 'Name', 'Score', 'Genres', 'Synopsis', 'Type', 'Episodes',
       'Rating', 'Popularity', 'Favorites', 'Scored By', 'Members',
       'Image URL', 'Duration_mins', 'user_id', 'Username', 'rating',
       '_merge'],
      dtype='object')
[ 2025-06-16 20:07:05,997 ] 73 root - INFO - Saving DataFrame to file: ('anime-recommender-system-prasoon', 'Artifacts/Data_Cleaning/06-16-2025_20-05-59/Anime_Full_House.csv')
[ 2025-06-16 20:25:25,231 ] 79 root - INFO - DataFrame saved successfully to S3 at: anime-recommender-system-prasoon/Artifacts/Data_Cleaning/06-16-2025_20-05-59/Anime_Full_House.csv
